===== Hybrid Cracker Test (92, 96 bits) =====
=== Public Key ===
{
  bit: 92
  modulus: 4310207022740805343009359109
  publicExponent: 65537
}

... cracking with 8 nodes ...
... running with 16 threads per node...
... running with 16 threads per node...
... running with 16 threads per node...
... running with 16 threads per node...
... running with 16 threads per node...
... running with 16 threads per node...
... running with 16 threads per node...
... prime factor 63068127528317 found by node 4 ...
exe_time: 747.312048
... waiting for exit of other processes ...

=== Private Key ===
{
  prime1:63068127528317
  prime2:68342080091177
  privateExponent:2929088761643062620278485089
}
=== Public Key ===
{
  bit: 96
  modulus: 68424236804374156986083162287
  publicExponent: 65537
}

... cracking with 8 nodes ...
... running with 16 threads per node...
... running with 16 threads per node...
... running with 16 threads per node...
... running with 16 threads per node...
... running with 16 threads per node...
... running with 16 threads per node...
... running with 16 threads per node...
... prime factor 251472924931703 found by node 4 ...
exe_time: 2914.021620
... waiting for exit of other processes ...

=== Private Key ===
{
  prime1:251472924931703
  prime2:272093851944329
  privateExponent:33758476476381541159647976865
}
